

<!DOCTYPE html>
<html>
<head>
<meta charset="UTF-8">
<meta name="viewport" content="width=device-width, initial-scale=1, shrink-to-fit=no">
<title>Extent Report</title>
<link rel="apple-touch-icon" href="https://cdn.jsdelivr.net/gh/extent-framework/extent-github-cdn@b00a2d0486596e73dd7326beacf352c639623a0e/commons/img/logo.png">
<link rel="shortcut icon" href="https://cdn.jsdelivr.net/gh/extent-framework/extent-github-cdn@b00a2d0486596e73dd7326beacf352c639623a0e/commons/img/logo.png">
<link href="https://cdn.jsdelivr.net/gh/extent-framework/extent-github-cdn@d6562a79075e061305ccfdb82f01e5e195e2d307/spark/css/spark-style.css" rel="stylesheet" />
<link href="https://stackpath.bootstrapcdn.com/font-awesome/4.7.0/css/font-awesome.min.css" rel="stylesheet">
<script src="https://cdn.jsdelivr.net/gh/extent-framework/extent-github-cdn@7cc78ce/spark/js/jsontree.js"></script>
<style type="text/css"></style></head><body class="spa bdd-report dark">
  <div class="app">
    <div class="layout">
<div class="header navbar">
<div class="vheader">
<div class="nav-logo">
<a href="#">
<div class="logo" style="background-image: url('https://cdn.jsdelivr.net/gh/extent-framework/extent-github-cdn@b00a2d0486596e73dd7326beacf352c639623a0e/commons/img/logo.png')"></div>
</a>
</div>
<ul class="nav-left">
<li class="search-box">
<a class="search-toggle" href="#">
<i class="search-icon fa fa-search"></i>
<i class="search-icon-close fa fa-close"></i>
</a>
</li>
<li class="search-input"><input id="search-tests" class="form-control" type="text" placeholder="Search..."></li>
</ul>
<ul class="nav-right">
<li class="m-r-10">
<a href="#"><span class="badge badge-primary">Tricentis Report</span></a>
</li>
<li class="m-r-10">
<a href="#"><span class="badge badge-primary">Dec 17, 2024 09:44:34 pm</span></a>
</li>
</ul>
</div>
</div><div class="side-nav">
<div class="side-nav-inner">
<ul class="side-nav-menu">
<li class="nav-item dropdown" onclick="toggleView('dashboard-view')">
<a id="nav-dashboard" class="dropdown-toggle" href="#">
<span class="ico"><i class="fa fa-bar-chart"></i></span>
</a>
</li>
<li class="nav-item dropdown" onclick="toggleView('test-view')">
<a id="nav-test" class="dropdown-toggle" href="#">
<span class="ico"><i class="fa fa-list"></i></span>
</a>
</li>
<li class="nav-item dropdown" onclick="toggleView('category-view')">
<a id="nav-category" class="dropdown-toggle" href="#">
<span class="ico"><i class="fa fa-tag"></i></span>
</a>
</li>
<li class="nav-item dropdown" onclick="toggleView('exception-view')">
<a id="nav-exception" class="dropdown-toggle" href="#">
<span class="ico"><i class="fa fa-bug"></i></span>
</a>
</li>
</ul>
</div>
</div>      <div class="vcontainer">
        <div class="main-content">
<div class="container-fluid p-4 view dashboard-view">
<div class="row">
<div class="col-md-3">
<div class="card"><div class="card-body">
<p class="m-b-0">Started</p>
<h3>Dec 17, 2024 09:44:34 pm</h3>
</div></div>
</div>
<div class="col-md-3">
<div class="card"><div class="card-body">
<p class="m-b-0">Ended</p>
<h3>Dec 17, 2024 09:46:48 pm</h3>
</div></div>
</div>
<div class="col-md-3">
<div class="card"><div class="card-body">
<p class="m-b-0 text-pass">Features Passed</p>
<h3>0</h3>
</div></div>
</div>
<div class="col-md-3">
<div class="card"><div class="card-body">
<p class="m-b-0 text-fail">Features Failed</p>
<h3>3</h3>
</div></div>
</div>
</div>
<div class="row">
<div class="col-md-4">
<div class="card">
<div class="card-header">
<h6 class="card-title">Features</h6>
</div>
<div class="card-body">
<div class="">
<canvas id='parent-analysis' width='115' height='90'></canvas>
</div>
</div>
<div class="card-footer">
<div><small data-tooltip='0%'>
<b>0</b> features passed
</small>
</div>
<div>
<small data-tooltip='100%'><b>3</b> features failed,
<b>0</b> skipped, <b data-tooltip='0%'>0</b> others
</small>
</div>
</div>
</div>
</div>
<div class="col-md-4">
<div class="card">
<div class="card-header">
<h6 class="card-title">Scenarios</h6>
</div>
<div class="card-body">
<div class="">
<canvas id='child-analysis' width='115' height='90'></canvas>
</div>
</div>
<div class="card-footer">
<div><small data-tooltip='50%'><b>6</b> scenarios passed</small></div>
<div>
<small data-tooltip='50%'><b>6</b> scenarios failed,
<b>0</b> skipped, <b data-tooltip='%'>0</b> others
</small>
</div>
</div>
</div>
</div>
<div class="col-md-4">
<div class="card">
<div class="card-header">
<h6 class="card-title">Steps</h6>
</div>
<div class="card-body">
<div class="">
<canvas id='grandchild-analysis' width='115' height='90'></canvas>
</div>
</div>
<div class="card-footer">
<div><small data-tooltip='76%'><b>65</b> steps passed</small></div>
<div>
<small data-tooltip='9%'><b>8</b> steps failed,
<b>12</b> skipped, <b data-tooltip='%'>0</b> others
</small>
</div>
</div>
</div>
</div>
</div>
<div class="row"><div class="col-md-12">
<div class="card"><div class="card-header"><p>Timeline</p></div>
<div class="card-body pt-0"><div>
<canvas id="timeline" height="120"></canvas>
</div></div>
</div>
</div></div>
<script>
var timeline = {
"Computer Page Functionality":72.633,"Login Page Functionality":26.32,"Register page functionality":34.15
};
</script>
<div class="row">
<div class="col-lg-6 col-md-12 category-container">
<div class="card">
<div class="card-header"><p>Tags</p></div>
<div class="card-body pb-0 pt-0"><table class="table table-sm table-bordered">
<thead><tr class="bg-gray"><th>Name</th><th>Passed</th><th>Failed</th><th>Skipped</th><th>Others</th><th>Passed %</th></tr></thead><tbody>
<tr>
<td>@author_Tithi</td>
<td>1</td>
<td>0</td>
<td>0</td>
<td>0</td>
<td>100%</td>
</tr>
<tr>
<td>@sanity</td>
<td>3</td>
<td>0</td>
<td>0</td>
<td>0</td>
<td>100%</td>
</tr>
<tr>
<td>@regression</td>
<td>6</td>
<td>6</td>
<td>0</td>
<td>0</td>
<td>50%</td>
</tr>
<tr>
<td>@smoke</td>
<td>2</td>
<td>1</td>
<td>0</td>
<td>0</td>
<td>66.667%</td>
</tr>
</tbody>
</table></div>
</div>
</div>
<div class="col-lg-6 col-md-12 sysenv-container">
<div class="card">
<div class="card-header"><p>System/Environment</p></div>
<div class="card-body pb-0 pt-0"><table class="table table-sm table-bordered">
<thead><tr class="bg-gray"><th>Name</th><th>Value</th></tr></thead>
<tbody>
<tr>
<td>Engineer</td>
<td>Tithi Shah</td>
</tr>
<tr>
<td>Project</td>
<td>Tricentis</td>
</tr>
<tr>
<td>os</td>
<td>Windows</td>
</tr>
</tbody>
</table></div>
</div>
</div>
</div>
</div>
<script>
var statusGroup = {
parentCount: 5,
passParent: 0,
failParent: 3,
warningParent: 0,
skipParent: 0,
childCount: 5,
passChild: 6,
failChild: 6,
warningChild: 0,
skipChild: 0,
infoChild: 0,
grandChildCount: 5,
passGrandChild: 65,
failGrandChild: 8,
warningGrandChild: 0,
skipGrandChild: 12,
infoGrandChild: 0,
eventsCount: 5,
};
</script><div class="test-wrapper row view test-view">
  <div class="test-list">
    <div class="test-list-tools">
<ul class="tools pull-left">
<li><a href="#"><span class="font-size-14">Tests</span></a></li>
</ul>
<ul class="tools text-right">
<li class="dropdown">
<a href="#" class="dropdown-toggle" data-toggle="dropdown"><i class="fa fa-exclamation-circle"></i></a>
<ul id="status-toggle" class="dropdown-menu dropdown-md p-v-0">
<a class="dropdown-item" status="fail" href="#"><span>Fail</span><span class="status danger"></span></a>
<div class="dropdown-divider"></div>
<a status="clear" class="dropdown-item" href="#"><span>Clear</span><span class="pull-right"><i class="fa fa-close"></i></span></a>
</ul>
</li>
<li class="dropdown">
<a href="#" class="dropdown-toggle" data-toggle="dropdown"><i class="fa fa-tag"></i></a>
<ul id="tag-toggle" class="dropdown-menu dropdown-md p-v-0">
<a class="dropdown-item" href="#">@author_Tithi</a><a class="dropdown-item" href="#">@sanity</a><a class="dropdown-item" href="#">@regression</a><a class="dropdown-item" href="#">@smoke</a>
</ul>
</li>
</ul>
</div>    <div class="test-list-wrapper scrollable">
      <ul class="test-list-item">
        <li class="test-item"  status="fail" test-id="1"
          author=""
          tag=""
          device="">
          <div class="test-detail">
            <p class="name">Computer Page Functionality</p>
            <p class="text-sm">
              <span>21:44:34</span> / <span>00:01:12:633</span>
              <span class="badge fail-bg log float-right">Fail</span>
            </p>
          </div>
          <div class="test-contents d-none">
<div class="detail-head">
<div class="p-v-10">
<div class="info">
<h5 class="test-status text-fail">Computer Page Functionality</h5>
<span class='badge badge-success'>12.17.2024 21:44:34</span>
<span class='badge badge-danger'>12.17.2024 21:45:47</span>
<span class='badge badge-default'>00:01:12:633</span>
&middot; <span class='uri-anchor badge badge-default'>#test-id=1</span>
<span class='badge badge-default pointer float-right ml-1 et'><i class="fa fa-chevron-down"></i></span>
<span class='badge badge-default pointer float-right ct'><i class="fa fa-chevron-up"></i></span>
</div>
<div class="m-t-10 m-l-5"> As a user
I want to navigate all feature on computer page on website
for that I can view all product and add to in cart</div>
</div>
</div>
<div class="accordion mt-4">
  <div class="card">
    <div class="card-header" role="tab">
      <div class="card-title">
        <div class="node" id="2"><span class="badge log pass-bg mr-2">Pass</span>Verify user should navigate to computer page successfully</div>
      </div>
    </div>
        <div class="collapse">
          <div class="card-body">
              <div class="step pass-bg" title="com.tricentis.demowebshop.steps.LoginSteps.iAmOnTheHomePage()">
                <span>Given I am on the home page</span>
      <div>
      </div>
              </div>
              <div class="step pass-bg" title="com.tricentis.demowebshop.steps.ComputerSteps.iClickOnTheCOMPUTERSTab()">
                <span>When I click on the COMPUTERS tab</span>
      <div>
      </div>
              </div>
              <div class="step pass-bg" title="com.tricentis.demowebshop.steps.ComputerSteps.iShouldSeeTheTextComputer()">
                <span>Then I should see the text Computer</span>
      <div>
      </div>
              </div>
          </div>
        </div>
  </div>
  <div class="card">
    <div class="card-header" role="tab">
      <div class="card-title">
        <div class="node" id="8"><span class="badge log pass-bg mr-2">Pass</span>Verify user should navigate to desktops page successfully</div>
      </div>
    </div>
        <div class="collapse">
          <div class="card-body">
              <div class="step pass-bg" title="com.tricentis.demowebshop.steps.LoginSteps.iAmOnTheHomePage()">
                <span>Given I am on the home page</span>
      <div>
      </div>
              </div>
              <div class="step pass-bg" title="com.tricentis.demowebshop.steps.ComputerSteps.iClickOnTheCOMPUTERSTab()">
                <span>When I click on the COMPUTERS tab</span>
      <div>
      </div>
              </div>
              <div class="step pass-bg" title="com.tricentis.demowebshop.steps.ComputerSteps.iClickOnTheDesktopsLink()">
                <span>And I click on the Desktops link</span>
      <div>
      </div>
              </div>
              <div class="step pass-bg" title="com.tricentis.demowebshop.steps.ComputerSteps.iShouldSeeTheTextDesktops()">
                <span>Then I should see the text Desktops</span>
      <div>
      </div>
              </div>
          </div>
        </div>
  </div>
  <div class="card">
    <div class="card-header" role="tab">
      <div class="card-title">
        <div class="node" id="15"><span class="badge log fail-bg mr-2">Fail</span>Verify that user should build their own computer and add it to the cart successfully</div>
          <div class="status-avatar float-right mr-4">
            <i class="fa fa-paperclip"></i>
          </div>
      </div>
    </div>
        <div class="scenario_outline ">
            <div class="card-body l1">
              <div class="card-header">
                <div class="card-title outline-child">
                  <div class="node" id="16"><span class="badge log pass-bg mr-2">Pass</span>Verify that user should build their own computer and add it to the cart successfully</div>
                </div>
              </div>
              <div class="card-body mt-3 collapse">
                  <div class="step pass-bg">
                    <span>Given I am on the home page</span>
      <div>
      </div>
                  </div>
                  <div class="step pass-bg">
                    <span>When I click on the COMPUTERS tab</span>
      <div>
      </div>
                  </div>
                  <div class="step pass-bg">
                    <span>And I click on the Desktops link</span>
      <div>
      </div>
                  </div>
                  <div class="step pass-bg">
                    <span>And I click on the product name Build your own computer</span>
      <div>
      </div>
                  </div>
                  <div class="step pass-bg">
                    <span>And I select processor "2.2 GHz Intel Pentium Dual-Core E2200"</span>
      <div>
      </div>
                  </div>
                  <div class="step pass-bg">
                    <span>And I select RAM "2 GB"</span>
      <div>
      </div>
                  </div>
                  <div class="step pass-bg">
                    <span>And I select HDD "320 GB"</span>
      <div>
      </div>
                  </div>
                  <div class="step pass-bg">
                    <span>And I select OS "Windows 7 [+50.00]"</span>
      <div>
      </div>
                  </div>
                  <div class="step pass-bg">
                    <span>And I select Software "Microsoft Office [+$50.00]"</span>
      <div>
      </div>
                  </div>
                  <div class="step pass-bg">
                    <span>And I click on ADD TO CART button</span>
      <div>
      </div>
                  </div>
                  <div class="step pass-bg">
                    <span>Then I should see the message The product has been added to your shopping cart</span>
      <div>
      </div>
                  </div>
              </div>
            </div>
            <div class="card-body l1">
              <div class="card-header">
                <div class="card-title outline-child">
                  <div class="node" id="30"><span class="badge log fail-bg mr-2">Fail</span>Verify that user should build their own computer and add it to the cart successfully</div>
                    <div class="status-avatar float-right">
                      <i class="fa fa-paperclip"></i>
                    </div>
                </div>
              </div>
              <div class="card-body mt-3 ">
                  <div class="step pass-bg">
                    <span>Given I am on the home page</span>
      <div>
      </div>
                  </div>
                  <div class="step pass-bg">
                    <span>When I click on the COMPUTERS tab</span>
      <div>
      </div>
                  </div>
                  <div class="step pass-bg">
                    <span>And I click on the Desktops link</span>
      <div>
      </div>
                  </div>
                  <div class="step pass-bg">
                    <span>And I click on the product name Build your own computer</span>
      <div>
      </div>
                  </div>
                  <div class="step pass-bg">
                    <span>And I select processor "2.5 GHz Intel Pentium Dual-Core E2200 [+15.00]"</span>
      <div>
      </div>
                  </div>
                  <div class="step fail-bg">
                    <span>And I select RAM "4GB [+$20.00]"</span>
      <div>
        <textarea disabled class="code-block">org.openqa.selenium.NoSuchElementException: Cannot locate option with text: 4GB [+$20.00]
For documentation on this error, please visit: https://www.selenium.dev/documentation/webdriver/troubleshooting/errors#no-such-element-exception
Build info: version: '4.26.0', revision: '8ccf0219d7'
System info: os.name: 'Windows 11', os.arch: 'amd64', os.version: '10.0', java.version: '17.0.8'
Driver info: driver.version: unknown
	at org.openqa.selenium.support.ui.Select.selectByVisibleText(Select.java:153)
	at com.tricentis.demowebshop.utility.Utility.selectByVisibleTextFromDropDown(Utility.java:145)
	at com.tricentis.demowebshop.pages.BuildYourOwnComputerPage.selectRam(BuildYourOwnComputerPage.java:61)
	at com.tricentis.demowebshop.steps.ComputerSteps.iSelectRAM(ComputerSteps.java:46)
	at ✽.I select RAM "4GB [+$20.00]"(file:///C:/Users/urvis/IdeaProjects/demo-webshop-tricentis2/src/test/resources/features/computer.feature:26)
</textarea>
      
      </div>
                  </div>
                  <div class="step skip-bg">
                    <span>And I select HDD "400 GB"</span>
      <div>Step skipped
      </div>
                  </div>
                  <div class="step skip-bg">
                    <span>And I select OS "Windows 10 [+60.00]"</span>
      <div>Step skipped
      </div>
                  </div>
                  <div class="step skip-bg">
                    <span>And I select Software "Acrobat Reader [+$10.00]"</span>
      <div>Step skipped
      </div>
                  </div>
                  <div class="step skip-bg">
                    <span>And I click on ADD TO CART button</span>
      <div>Step skipped
      </div>
                  </div>
                  <div class="step skip-bg">
                    <span>Then I should see the message The product has been added to your shopping cart</span>
      <div>Step skipped
      </div>
                  </div>
                  <div class="step pass-bg">
                    <span>com.tricentis.demowebshop.steps.Hooks.tearDown(io.cucumber.java.Scenario)</span>
      <div>Verify that user should build their own computer and add it to the cart successfully
          <div class="row mb-3"><div class="col-md-3">
<img data-featherlight='../screenshots/embedded1.png' src="../screenshots/embedded1.png">
    
    </div></div>
</div>
      <div>
      </div>
                  </div>
              </div>
            </div>
            <div class="card-body l1">
              <div class="card-header">
                <div class="card-title outline-child">
                  <div class="node" id="44"><span class="badge log fail-bg mr-2">Fail</span>Verify that user should build their own computer and add it to the cart successfully</div>
                </div>
              </div>
              <div class="card-body mt-3 ">
                  <div class="step pass-bg">
                    <span>Given I am on the home page</span>
      <div>
      </div>
                  </div>
                  <div class="step pass-bg">
                    <span>When I click on the COMPUTERS tab</span>
      <div>
      </div>
                  </div>
                  <div class="step pass-bg">
                    <span>And I click on the Desktops link</span>
      <div>
      </div>
                  </div>
                  <div class="step pass-bg">
                    <span>And I click on the product name Build your own computer</span>
      <div>
      </div>
                  </div>
                  <div class="step pass-bg">
                    <span>And I select processor "2.5 GHz Intel Pentium Dual-Core E2200 [+15.00]"</span>
      <div>
      </div>
                  </div>
                  <div class="step fail-bg">
                    <span>And I select RAM "8GB [+$60.00]"</span>
      <div>
        <textarea disabled class="code-block">org.openqa.selenium.WebDriverException: disconnected: unable to send message to renderer
  (failed to check if window was closed: disconnected: not connected to DevTools)
  (Session info: chrome=131.0.6778.140)
Build info: version: '4.26.0', revision: '8ccf0219d7'
System info: os.name: 'Windows 11', os.arch: 'amd64', os.version: '10.0', java.version: '17.0.8'
Driver info: org.openqa.selenium.chrome.ChromeDriver
Command: [11b5ee7e1f6442d4b13751623b12a4cd, findChildElements {id=f.D5D0866C598EE46BAF1AE3F087CE5B86.d.643E2CBEE4937F58A0AEB7C59FE90554.e.2382, value=.//option[normalize-space(.) = "8GB [+$60.00]"], using=xpath}]
Capabilities {acceptInsecureCerts: false, browserName: chrome, browserVersion: 131.0.6778.140, chrome: {chromedriverVersion: 131.0.6778.108 (3b014839fbc..., userDataDir: C:\Users\urvis\AppData\Loca...}, fedcm:accounts: true, goog:chromeOptions: {debuggerAddress: localhost:50465}, networkConnectionEnabled: false, pageLoadStrategy: normal, platformName: windows, proxy: Proxy(), se:cdp: ws://localhost:50465/devtoo..., se:cdpVersion: 131.0.6778.140, setWindowRect: true, strictFileInteractability: false, timeouts: {implicit: 0, pageLoad: 300000, script: 30000}, unhandledPromptBehavior: dismiss and notify, webauthn:extension:credBlob: true, webauthn:extension:largeBlob: true, webauthn:extension:minPinLength: true, webauthn:extension:prf: true, webauthn:virtualAuthenticators: true}
Session ID: 11b5ee7e1f6442d4b13751623b12a4cd
	at java.base/jdk.internal.reflect.NativeConstructorAccessorImpl.newInstance0(Native Method)
	at java.base/jdk.internal.reflect.NativeConstructorAccessorImpl.newInstance(NativeConstructorAccessorImpl.java:77)
	at java.base/jdk.internal.reflect.DelegatingConstructorAccessorImpl.newInstance(DelegatingConstructorAccessorImpl.java:45)
	at java.base/java.lang.reflect.Constructor.newInstanceWithCaller(Constructor.java:499)
	at java.base/java.lang.reflect.Constructor.newInstance(Constructor.java:480)
	at org.openqa.selenium.remote.ErrorCodec.decode(ErrorCodec.java:167)
	at org.openqa.selenium.remote.codec.w3c.W3CHttpResponseCodec.decode(W3CHttpResponseCodec.java:138)
	at org.openqa.selenium.remote.codec.w3c.W3CHttpResponseCodec.decode(W3CHttpResponseCodec.java:50)
	at org.openqa.selenium.remote.HttpCommandExecutor.execute(HttpCommandExecutor.java:190)
	at org.openqa.selenium.remote.service.DriverCommandExecutor.invokeExecute(DriverCommandExecutor.java:216)
	at org.openqa.selenium.remote.service.DriverCommandExecutor.execute(DriverCommandExecutor.java:174)
	at org.openqa.selenium.remote.RemoteWebDriver.execute(RemoteWebDriver.java:545)
	at org.openqa.selenium.remote.ElementLocation$ElementFinder$2.findElements(ElementLocation.java:182)
	at org.openqa.selenium.remote.ElementLocation.findElements(ElementLocation.java:103)
	at org.openqa.selenium.remote.RemoteWebDriver.findElements(RemoteWebDriver.java:381)
	at org.openqa.selenium.remote.RemoteWebElement.findElements(RemoteWebElement.java:203)
	at java.base/jdk.internal.reflect.NativeMethodAccessorImpl.invoke0(Native Method)
	at java.base/jdk.internal.reflect.NativeMethodAccessorImpl.invoke(NativeMethodAccessorImpl.java:77)
	at java.base/jdk.internal.reflect.DelegatingMethodAccessorImpl.invoke(DelegatingMethodAccessorImpl.java:43)
	at java.base/java.lang.reflect.Method.invoke(Method.java:568)
	at org.openqa.selenium.support.pagefactory.internal.LocatingElementHandler.invoke(LocatingElementHandler.java:51)
	at jdk.proxy2/jdk.proxy2.$Proxy29.findElements(Unknown Source)
	at org.openqa.selenium.support.ui.Select.selectByVisibleText(Select.java:115)
	at com.tricentis.demowebshop.utility.Utility.selectByVisibleTextFromDropDown(Utility.java:145)
	at com.tricentis.demowebshop.pages.BuildYourOwnComputerPage.selectRam(BuildYourOwnComputerPage.java:61)
	at com.tricentis.demowebshop.steps.ComputerSteps.iSelectRAM(ComputerSteps.java:46)
	at ✽.I select RAM "8GB [+$60.00]"(file:///C:/Users/urvis/IdeaProjects/demo-webshop-tricentis2/src/test/resources/features/computer.feature:26)
</textarea>
      
      </div>
                  </div>
                  <div class="step skip-bg">
                    <span>And I select HDD "320 GB"</span>
      <div>Step skipped
      </div>
                  </div>
                  <div class="step skip-bg">
                    <span>And I select OS "Ubuntu"</span>
      <div>Step skipped
      </div>
                  </div>
                  <div class="step skip-bg">
                    <span>And I select Software "Total Commander [+$5.00]"</span>
      <div>Step skipped
      </div>
                  </div>
                  <div class="step skip-bg">
                    <span>And I click on ADD TO CART button</span>
      <div>Step skipped
      </div>
                  </div>
                  <div class="step skip-bg">
                    <span>Then I should see the message The product has been added to your shopping cart</span>
      <div>Step skipped
      </div>
                  </div>
                  <div class="step fail-bg">
                    <span>com.tricentis.demowebshop.steps.Hooks.tearDown(io.cucumber.java.Scenario)</span>
      <div>
        <textarea disabled class="code-block">org.openqa.selenium.WebDriverException: disconnected: not connected to DevTools
  (failed to check if window was closed: disconnected: not connected to DevTools)
  (Session info: chrome=131.0.6778.140)
Build info: version: '4.26.0', revision: '8ccf0219d7'
System info: os.name: 'Windows 11', os.arch: 'amd64', os.version: '10.0', java.version: '17.0.8'
Driver info: org.openqa.selenium.chrome.ChromeDriver
Command: [11b5ee7e1f6442d4b13751623b12a4cd, screenshot {}]
Capabilities {acceptInsecureCerts: false, browserName: chrome, browserVersion: 131.0.6778.140, chrome: {chromedriverVersion: 131.0.6778.108 (3b014839fbc..., userDataDir: C:\Users\urvis\AppData\Loca...}, fedcm:accounts: true, goog:chromeOptions: {debuggerAddress: localhost:50465}, networkConnectionEnabled: false, pageLoadStrategy: normal, platformName: windows, proxy: Proxy(), se:cdp: ws://localhost:50465/devtoo..., se:cdpVersion: 131.0.6778.140, setWindowRect: true, strictFileInteractability: false, timeouts: {implicit: 0, pageLoad: 300000, script: 30000}, unhandledPromptBehavior: dismiss and notify, webauthn:extension:credBlob: true, webauthn:extension:largeBlob: true, webauthn:extension:minPinLength: true, webauthn:extension:prf: true, webauthn:virtualAuthenticators: true}
Session ID: 11b5ee7e1f6442d4b13751623b12a4cd
	at java.base/jdk.internal.reflect.NativeConstructorAccessorImpl.newInstance0(Native Method)
	at java.base/jdk.internal.reflect.NativeConstructorAccessorImpl.newInstance(NativeConstructorAccessorImpl.java:77)
	at java.base/jdk.internal.reflect.DelegatingConstructorAccessorImpl.newInstance(DelegatingConstructorAccessorImpl.java:45)
	at java.base/java.lang.reflect.Constructor.newInstanceWithCaller(Constructor.java:499)
	at java.base/java.lang.reflect.Constructor.newInstance(Constructor.java:480)
	at org.openqa.selenium.remote.ErrorCodec.decode(ErrorCodec.java:167)
	at org.openqa.selenium.remote.codec.w3c.W3CHttpResponseCodec.decode(W3CHttpResponseCodec.java:138)
	at org.openqa.selenium.remote.codec.w3c.W3CHttpResponseCodec.decode(W3CHttpResponseCodec.java:50)
	at org.openqa.selenium.remote.HttpCommandExecutor.execute(HttpCommandExecutor.java:190)
	at org.openqa.selenium.remote.service.DriverCommandExecutor.invokeExecute(DriverCommandExecutor.java:216)
	at org.openqa.selenium.remote.service.DriverCommandExecutor.execute(DriverCommandExecutor.java:174)
	at org.openqa.selenium.remote.RemoteWebDriver.execute(RemoteWebDriver.java:545)
	at org.openqa.selenium.remote.RemoteWebDriver.execute(RemoteWebDriver.java:618)
	at org.openqa.selenium.remote.RemoteWebDriver.execute(RemoteWebDriver.java:622)
	at org.openqa.selenium.remote.RemoteWebDriver.getScreenshotAs(RemoteWebDriver.java:334)
	at com.tricentis.demowebshop.utility.Utility.getScreenShot(Utility.java:351)
	at com.tricentis.demowebshop.steps.Hooks.tearDown(Hooks.java:23)
</textarea>
      
      </div>
                  </div>
              </div>
            </div>
        </div>
  </div>
</div>
          </div>
        </li>
        <li class="test-item"  status="fail" test-id="58"
          author=""
          tag=""
          device="">
          <div class="test-detail">
            <p class="name">Login Page Functionality</p>
            <p class="text-sm">
              <span>21:45:47</span> / <span>00:00:26:320</span>
              <span class="badge fail-bg log float-right">Fail</span>
            </p>
          </div>
          <div class="test-contents d-none">
<div class="detail-head">
<div class="p-v-10">
<div class="info">
<h5 class="test-status text-fail">Login Page Functionality</h5>
<span class='badge badge-success'>12.17.2024 21:45:47</span>
<span class='badge badge-danger'>12.17.2024 21:46:13</span>
<span class='badge badge-default'>00:00:26:320</span>
&middot; <span class='uri-anchor badge badge-default'>#test-id=58</span>
<span class='badge badge-default pointer float-right ml-1 et'><i class="fa fa-chevron-down"></i></span>
<span class='badge badge-default pointer float-right ct'><i class="fa fa-chevron-up"></i></span>
</div>
<div class="m-t-10 m-l-5"> In order to perform successful
As a User
I have to ensure the login page operates as expected for all users</div>
</div>
</div>
<div class="accordion mt-4">
  <div class="card">
    <div class="card-header" role="tab">
      <div class="card-title">
        <div class="node" id="59"><span class="badge log pass-bg mr-2">Pass</span>User should navigate to login page successfully</div>
      </div>
    </div>
        <div class="collapse">
          <div class="card-body">
              <div class="step pass-bg" title="com.tricentis.demowebshop.steps.LoginSteps.iAmOnTheHomePage()">
                <span>Given I am on the home page</span>
      <div>
      </div>
              </div>
              <div class="step pass-bg" title="com.tricentis.demowebshop.steps.LoginSteps.iClickOnTheLoginLink()">
                <span>When I click on the login link</span>
      <div>
      </div>
              </div>
              <div class="step pass-bg" title="com.tricentis.demowebshop.steps.LoginSteps.iShouldSeeTheMessage(java.lang.String)">
                <span>Then I should see the message "Welcome, Please Sign In!"</span>
      <div>
      </div>
              </div>
          </div>
        </div>
  </div>
  <div class="card">
    <div class="card-header" role="tab">
      <div class="card-title">
        <div class="node" id="65"><span class="badge log pass-bg mr-2">Pass</span>Verify the error message with invalid credentials</div>
      </div>
    </div>
        <div class="collapse">
          <div class="card-body">
              <div class="step pass-bg" title="com.tricentis.demowebshop.steps.LoginSteps.iAmOnTheLoginPage()">
                <span>Given I am on the login page</span>
      <div>
      </div>
              </div>
              <div class="step pass-bg" title="com.tricentis.demowebshop.steps.LoginSteps.iEnterAnInvalidEmailId(java.lang.String)">
                <span>When I enter an invalid EmailId "kasa@gmail.com"</span>
      <div>
      </div>
              </div>
              <div class="step pass-bg" title="com.tricentis.demowebshop.steps.LoginSteps.iEnterAnInvalidPassword(java.lang.String)">
                <span>And I enter an invalid Password "k123457"</span>
      <div>
      </div>
              </div>
              <div class="step pass-bg" title="com.tricentis.demowebshop.steps.LoginSteps.iClickOnTheLoginButton()">
                <span>And I click on the login button</span>
      <div>
      </div>
              </div>
              <div class="step pass-bg" title="com.tricentis.demowebshop.steps.LoginSteps.iShouldSeeTheErrorMessage(java.lang.String)">
                <span>Then I should see the error message "Login was unsuccessful. Please correct the errors and try again.No customer account found "</span>
      <div>
      </div>
              </div>
          </div>
        </div>
  </div>
  <div class="card">
    <div class="card-header" role="tab">
      <div class="card-title">
        <div class="node" id="73"><span class="badge log fail-bg mr-2">Fail</span>Verify that user should log in successfully with valid credentials</div>
          <div class="status-avatar float-right mr-4">
            <i class="fa fa-paperclip"></i>
          </div>
      </div>
    </div>
        <div class="">
          <div class="card-body">
              <div class="step pass-bg" title="com.tricentis.demowebshop.steps.LoginSteps.iAmOnTheLoginPage()">
                <span>Given I am on the login page</span>
      <div>
      </div>
              </div>
              <div class="step pass-bg" title="com.tricentis.demowebshop.steps.LoginSteps.iEnterAValidEmailId(java.lang.String)">
                <span>When I enter a valid EmailId "Radhika.shah1901@gmail.com"</span>
      <div>
      </div>
              </div>
              <div class="step pass-bg" title="com.tricentis.demowebshop.steps.LoginSteps.iEnterAValidPassword(java.lang.String)">
                <span>And I enter a valid password "Radhika123"</span>
      <div>
      </div>
              </div>
              <div class="step pass-bg" title="com.tricentis.demowebshop.steps.LoginSteps.iClickOnTheLoginButton()">
                <span>And I click on the login button</span>
      <div>
      </div>
              </div>
              <div class="step fail-bg" title="com.tricentis.demowebshop.steps.LoginSteps.iShouldSeeTheLinkDisplayed(java.lang.String)">
                <span>Then I should see the "LogOut" link displayed</span>
      <div>
        <textarea disabled class="code-block">java.lang.AssertionError: Logout link is not displayed expected [LogOut] but found [true]
	at org.testng.Assert.fail(Assert.java:111)
	at org.testng.Assert.failNotEquals(Assert.java:1578)
	at org.testng.Assert.assertEqualsImpl(Assert.java:150)
	at org.testng.Assert.assertEquals(Assert.java:132)
	at com.tricentis.demowebshop.steps.LoginSteps.iShouldSeeTheLinkDisplayed(LoginSteps.java:67)
	at ✽.I should see the "LogOut" link displayed(file:///C:/Users/urvis/IdeaProjects/demo-webshop-tricentis2/src/test/resources/features/login.feature:26)
</textarea>
      
      </div>
              </div>
              <div class="step pass-bg" title="AFTER">
                <span>com.tricentis.demowebshop.steps.Hooks.tearDown(io.cucumber.java.Scenario)</span>
      <div>Verify that user should log in successfully with valid credentials
          <div class="row mb-3"><div class="col-md-3">
<img data-featherlight='../screenshots/embedded2.png' src="../screenshots/embedded2.png">
    
    </div></div>
</div>
      <div>
      </div>
              </div>
          </div>
        </div>
  </div>
  <div class="card">
    <div class="card-header" role="tab">
      <div class="card-title">
        <div class="node" id="81"><span class="badge log fail-bg mr-2">Fail</span>Verify that user should log out successfully</div>
      </div>
    </div>
        <div class="">
          <div class="card-body">
              <div class="step pass-bg" title="com.tricentis.demowebshop.steps.LoginSteps.iClickOnTheLoginLink()">
                <span>Given I click on the login link</span>
      <div>
      </div>
              </div>
              <div class="step pass-bg" title="com.tricentis.demowebshop.steps.LoginSteps.iEnterAValidEmailId(java.lang.String)">
                <span>When I enter a valid EmailId "Radhika.shah1901@gmail.com"</span>
      <div>
      </div>
              </div>
              <div class="step pass-bg" title="com.tricentis.demowebshop.steps.LoginSteps.iEnterAValidPassword(java.lang.String)">
                <span>And I enter a valid password "Radhika123"</span>
      <div>
      </div>
              </div>
              <div class="step fail-bg" title="com.tricentis.demowebshop.steps.LoginSteps.iClickOnTheLogoutLink()">
                <span>When I click on the logout link</span>
      <div>
        <textarea disabled class="code-block">org.openqa.selenium.remote.UnreachableBrowserException: Error communicating with the remote browser. It may have died.
Build info: version: '4.26.0', revision: '8ccf0219d7'
System info: os.name: 'Windows 11', os.arch: 'amd64', os.version: '10.0', java.version: '17.0.8'
Driver info: org.openqa.selenium.chrome.ChromeDriver
Command: [71ccf7b968141304693de258539160c8, findElement [value, using]]
Capabilities {acceptInsecureCerts: false, browserName: chrome, browserVersion: 131.0.6778.140, chrome: {chromedriverVersion: 131.0.6778.108 (3b014839fbc..., userDataDir: C:\Users\urvis\AppData\Loca...}, fedcm:accounts: true, goog:chromeOptions: {debuggerAddress: localhost:50607}, networkConnectionEnabled: false, pageLoadStrategy: normal, platformName: windows, proxy: Proxy(), se:cdp: ws://localhost:50607/devtoo..., se:cdpVersion: 131.0.6778.140, setWindowRect: true, strictFileInteractability: false, timeouts: {implicit: 0, pageLoad: 300000, script: 30000}, unhandledPromptBehavior: dismiss and notify, webauthn:extension:credBlob: true, webauthn:extension:largeBlob: true, webauthn:extension:minPinLength: true, webauthn:extension:prf: true, webauthn:virtualAuthenticators: true}
Session ID: 71ccf7b968141304693de258539160c8
	at org.openqa.selenium.remote.RemoteWebDriver.execute(RemoteWebDriver.java:572)
	at org.openqa.selenium.remote.ElementLocation$ElementFinder$2.findElement(ElementLocation.java:165)
	at org.openqa.selenium.remote.ElementLocation.findElement(ElementLocation.java:59)
	at org.openqa.selenium.remote.RemoteWebDriver.findElement(RemoteWebDriver.java:368)
	at org.openqa.selenium.remote.RemoteWebDriver.findElement(RemoteWebDriver.java:362)
	at org.openqa.selenium.support.pagefactory.DefaultElementLocator.findElement(DefaultElementLocator.java:68)
	at org.openqa.selenium.support.pagefactory.internal.LocatingElementHandler.invoke(LocatingElementHandler.java:38)
	at jdk.proxy2/jdk.proxy2.$Proxy29.getText(Unknown Source)
	at com.tricentis.demowebshop.pages.HomePage.clickOnLogOutLink(HomePage.java:63)
	at com.tricentis.demowebshop.steps.LoginSteps.iClickOnTheLogoutLink(LoginSteps.java:78)
	at ✽.I click on the logout link(file:///C:/Users/urvis/IdeaProjects/demo-webshop-tricentis2/src/test/resources/features/login.feature:32)
Caused by: java.io.UncheckedIOException: java.io.IOException: HTTP/1.1 header parser received no bytes
	at org.openqa.selenium.remote.http.jdk.JdkHttpClient.execute0(JdkHttpClient.java:495)
	at org.openqa.selenium.remote.http.AddSeleniumUserAgent.lambda$apply$0(AddSeleniumUserAgent.java:42)
	at org.openqa.selenium.remote.http.Filter.lambda$andFinally$1(Filter.java:55)
	at org.openqa.selenium.remote.http.jdk.JdkHttpClient.lambda$executeAsync$1(JdkHttpClient.java:383)
	at java.base/java.util.concurrent.Executors$RunnableAdapter.call(Executors.java:539)
	at java.base/java.util.concurrent.FutureTask.run(FutureTask.java:264)
	at java.base/java.util.concurrent.ThreadPoolExecutor.runWorker(ThreadPoolExecutor.java:1136)
	at java.base/java.util.concurrent.ThreadPoolExecutor$Worker.run(ThreadPoolExecutor.java:635)
	at java.base/java.lang.Thread.run(Thread.java:833)
Caused by: java.io.IOException: HTTP/1.1 header parser received no bytes
	at java.net.http/jdk.internal.net.http.HttpClientImpl.send(HttpClientImpl.java:586)
	at java.net.http/jdk.internal.net.http.HttpClientFacade.send(HttpClientFacade.java:123)
	at org.openqa.selenium.remote.http.jdk.JdkHttpClient.execute0(JdkHttpClient.java:454)
	... 8 more
Caused by: java.io.IOException: HTTP/1.1 header parser received no bytes
	at java.net.http/jdk.internal.net.http.common.Utils.wrapWithExtraDetail(Utils.java:348)
	at java.net.http/jdk.internal.net.http.Http1Response$HeadersReader.onReadError(Http1Response.java:675)
	at java.net.http/jdk.internal.net.http.Http1AsyncReceiver.checkForErrors(Http1AsyncReceiver.java:302)
	at java.net.http/jdk.internal.net.http.Http1AsyncReceiver.flush(Http1AsyncReceiver.java:268)
	at java.net.http/jdk.internal.net.http.common.SequentialScheduler$LockingRestartableTask.run(SequentialScheduler.java:205)
	at java.net.http/jdk.internal.net.http.common.SequentialScheduler$CompleteRestartableTask.run(SequentialScheduler.java:149)
	at java.net.http/jdk.internal.net.http.common.SequentialScheduler$SchedulableTask.run(SequentialScheduler.java:230)
	... 3 more
Caused by: java.net.SocketException: Connection reset
	at java.base/sun.nio.ch.SocketChannelImpl.throwConnectionReset(SocketChannelImpl.java:394)
	at java.base/sun.nio.ch.SocketChannelImpl.read(SocketChannelImpl.java:426)
	at java.net.http/jdk.internal.net.http.SocketTube.readAvailable(SocketTube.java:1170)
	at java.net.http/jdk.internal.net.http.SocketTube$InternalReadPublisher$InternalReadSubscription.read(SocketTube.java:833)
	at java.net.http/jdk.internal.net.http.SocketTube$SocketFlowTask.run(SocketTube.java:181)
	at java.net.http/jdk.internal.net.http.common.SequentialScheduler$SchedulableTask.run(SequentialScheduler.java:230)
	at java.net.http/jdk.internal.net.http.common.SequentialScheduler.runOrSchedule(SequentialScheduler.java:303)
	at java.net.http/jdk.internal.net.http.common.SequentialScheduler.runOrSchedule(SequentialScheduler.java:256)
	at java.net.http/jdk.internal.net.http.SocketTube$InternalReadPublisher$InternalReadSubscription.signalReadable(SocketTube.java:774)
	at java.net.http/jdk.internal.net.http.SocketTube$InternalReadPublisher$ReadEvent.signalEvent(SocketTube.java:957)
	at java.net.http/jdk.internal.net.http.SocketTube$SocketFlowEvent.handle(SocketTube.java:253)
	at java.net.http/jdk.internal.net.http.HttpClientImpl$SelectorManager.handleEvent(HttpClientImpl.java:979)
	at java.net.http/jdk.internal.net.http.HttpClientImpl$SelectorManager.lambda$run$3(HttpClientImpl.java:934)
	at java.base/java.util.ArrayList.forEach(ArrayList.java:1511)
	at java.net.http/jdk.internal.net.http.HttpClientImpl$SelectorManager.run(HttpClientImpl.java:934)
</textarea>
      
      </div>
              </div>
              <div class="step skip-bg" title="com.tricentis.demowebshop.steps.LoginSteps.iShouldSeeTheLoginLinkDisplayed(java.lang.String)">
                <span>Then I should see the login link displayed</span>
      <div>Step skipped
      </div>
              </div>
              <div class="step fail-bg" title="AFTER">
                <span>com.tricentis.demowebshop.steps.Hooks.tearDown(io.cucumber.java.Scenario)</span>
      <div>
        <textarea disabled class="code-block">org.openqa.selenium.remote.UnreachableBrowserException: Error communicating with the remote browser. It may have died.
Build info: version: '4.26.0', revision: '8ccf0219d7'
System info: os.name: 'Windows 11', os.arch: 'amd64', os.version: '10.0', java.version: '17.0.8'
Driver info: org.openqa.selenium.chrome.ChromeDriver
Command: [71ccf7b968141304693de258539160c8, screenshot []]
Capabilities {acceptInsecureCerts: false, browserName: chrome, browserVersion: 131.0.6778.140, chrome: {chromedriverVersion: 131.0.6778.108 (3b014839fbc..., userDataDir: C:\Users\urvis\AppData\Loca...}, fedcm:accounts: true, goog:chromeOptions: {debuggerAddress: localhost:50607}, networkConnectionEnabled: false, pageLoadStrategy: normal, platformName: windows, proxy: Proxy(), se:cdp: ws://localhost:50607/devtoo..., se:cdpVersion: 131.0.6778.140, setWindowRect: true, strictFileInteractability: false, timeouts: {implicit: 0, pageLoad: 300000, script: 30000}, unhandledPromptBehavior: dismiss and notify, webauthn:extension:credBlob: true, webauthn:extension:largeBlob: true, webauthn:extension:minPinLength: true, webauthn:extension:prf: true, webauthn:virtualAuthenticators: true}
Session ID: 71ccf7b968141304693de258539160c8
	at org.openqa.selenium.remote.RemoteWebDriver.execute(RemoteWebDriver.java:572)
	at org.openqa.selenium.remote.RemoteWebDriver.execute(RemoteWebDriver.java:618)
	at org.openqa.selenium.remote.RemoteWebDriver.execute(RemoteWebDriver.java:622)
	at org.openqa.selenium.remote.RemoteWebDriver.getScreenshotAs(RemoteWebDriver.java:334)
	at com.tricentis.demowebshop.utility.Utility.getScreenShot(Utility.java:351)
	at com.tricentis.demowebshop.steps.Hooks.tearDown(Hooks.java:23)
Caused by: java.io.UncheckedIOException: java.net.ConnectException
	at org.openqa.selenium.remote.http.jdk.JdkHttpClient.execute0(JdkHttpClient.java:495)
	at org.openqa.selenium.remote.http.AddSeleniumUserAgent.lambda$apply$0(AddSeleniumUserAgent.java:42)
	at org.openqa.selenium.remote.http.Filter.lambda$andFinally$1(Filter.java:55)
	at org.openqa.selenium.remote.http.jdk.JdkHttpClient.lambda$executeAsync$1(JdkHttpClient.java:383)
	at java.base/java.util.concurrent.Executors$RunnableAdapter.call(Executors.java:539)
	at java.base/java.util.concurrent.FutureTask.run(FutureTask.java:264)
	at java.base/java.util.concurrent.ThreadPoolExecutor.runWorker(ThreadPoolExecutor.java:1136)
	at java.base/java.util.concurrent.ThreadPoolExecutor$Worker.run(ThreadPoolExecutor.java:635)
	at java.base/java.lang.Thread.run(Thread.java:833)
Caused by: java.net.ConnectException
	at java.net.http/jdk.internal.net.http.HttpClientImpl.send(HttpClientImpl.java:573)
	at java.net.http/jdk.internal.net.http.HttpClientFacade.send(HttpClientFacade.java:123)
	at org.openqa.selenium.remote.http.jdk.JdkHttpClient.execute0(JdkHttpClient.java:454)
	... 8 more
Caused by: java.net.ConnectException
	at java.net.http/jdk.internal.net.http.common.Utils.toConnectException(Utils.java:1047)
	at java.net.http/jdk.internal.net.http.PlainHttpConnection.connectAsync(PlainHttpConnection.java:198)
	at java.net.http/jdk.internal.net.http.PlainHttpConnection.checkRetryConnect(PlainHttpConnection.java:230)
	at java.net.http/jdk.internal.net.http.PlainHttpConnection.lambda$connectAsync$1(PlainHttpConnection.java:206)
	at java.base/java.util.concurrent.CompletableFuture.uniHandle(CompletableFuture.java:934)
	at java.base/java.util.concurrent.CompletableFuture$UniHandle.tryFire(CompletableFuture.java:911)
	at java.base/java.util.concurrent.CompletableFuture.postComplete(CompletableFuture.java:510)
	at java.base/java.util.concurrent.CompletableFuture$AsyncSupply.run(CompletableFuture.java:1773)
	... 3 more
Caused by: java.nio.channels.ClosedChannelException
	at java.base/sun.nio.ch.SocketChannelImpl.ensureOpen(SocketChannelImpl.java:195)
	at java.base/sun.nio.ch.SocketChannelImpl.beginConnect(SocketChannelImpl.java:760)
	at java.base/sun.nio.ch.SocketChannelImpl.connect(SocketChannelImpl.java:848)
	at java.net.http/jdk.internal.net.http.PlainHttpConnection.lambda$connectAsync$0(PlainHttpConnection.java:183)
	at java.base/java.security.AccessController.doPrivileged(AccessController.java:569)
	at java.net.http/jdk.internal.net.http.PlainHttpConnection.connectAsync(PlainHttpConnection.java:185)
	... 9 more
</textarea>
      
      </div>
              </div>
          </div>
        </div>
  </div>
</div>
          </div>
        </li>
        <li class="test-item"  status="fail" test-id="89"
          author=""
          tag=""
          device="">
          <div class="test-detail">
            <p class="name">Register page functionality</p>
            <p class="text-sm">
              <span>21:46:13</span> / <span>00:00:34:150</span>
              <span class="badge fail-bg log float-right">Fail</span>
            </p>
          </div>
          <div class="test-contents d-none">
<div class="detail-head">
<div class="p-v-10">
<div class="info">
<h5 class="test-status text-fail">Register page functionality</h5>
<span class='badge badge-success'>12.17.2024 21:46:13</span>
<span class='badge badge-danger'>12.17.2024 21:46:47</span>
<span class='badge badge-default'>00:00:34:150</span>
&middot; <span class='uri-anchor badge badge-default'>#test-id=89</span>
<span class='badge badge-default pointer float-right ml-1 et'><i class="fa fa-chevron-down"></i></span>
<span class='badge badge-default pointer float-right ct'><i class="fa fa-chevron-up"></i></span>
</div>
<div class="m-t-10 m-l-5"> In order to perform successful
As a User
I want to register on the website so that I can create account successfully.</div>
</div>
</div>
<div class="accordion mt-4">
  <div class="card">
    <div class="card-header" role="tab">
      <div class="card-title">
        <div class="node" id="90"><span class="badge log pass-bg mr-2">Pass</span>Verify user should navigate to register page successfully</div>
      </div>
    </div>
        <div class="collapse">
          <div class="card-body">
              <div class="step pass-bg" title="com.tricentis.demowebshop.steps.LoginSteps.iAmOnTheHomePage()">
                <span>Given I am on the home page</span>
      <div>
      </div>
              </div>
              <div class="step pass-bg" title="com.tricentis.demowebshop.steps.RegisterSteps.iClickOnTheRegisterLink()">
                <span>When I click on the Register link</span>
      <div>
      </div>
              </div>
              <div class="step pass-bg" title="com.tricentis.demowebshop.steps.RegisterSteps.iShouldSeeTheTextRegister()">
                <span>Then I should see the text Register</span>
      <div>
      </div>
              </div>
          </div>
        </div>
  </div>
  <div class="card">
    <div class="card-header" role="tab">
      <div class="card-title">
        <div class="node" id="96"><span class="badge log fail-bg mr-2">Fail</span>Verify that first name, last name, email, password, and confirm password fields are mandatory</div>
          <div class="status-avatar float-right mr-4">
            <i class="fa fa-paperclip"></i>
          </div>
      </div>
    </div>
        <div class="">
          <div class="card-body">
              <div class="step pass-bg" title="com.tricentis.demowebshop.steps.LoginSteps.iAmOnTheHomePage()">
                <span>Given I am on the home page</span>
      <div>
      </div>
              </div>
              <div class="step pass-bg" title="com.tricentis.demowebshop.steps.RegisterSteps.iClickOnTheRegisterLink()">
                <span>When I click on the Register link</span>
      <div>
      </div>
              </div>
              <div class="step pass-bg" title="com.tricentis.demowebshop.steps.RegisterSteps.iClickOnRegisterButton()">
                <span>And I click on register button</span>
      <div>
      </div>
              </div>
              <div class="step pass-bg" title="com.tricentis.demowebshop.steps.RegisterSteps.iShouldSeeTheErrorMessageFirstNameIsRequired()">
                <span>Then I should see the error message First name is required.</span>
      <div>
      </div>
              </div>
              <div class="step pass-bg" title="com.tricentis.demowebshop.steps.RegisterSteps.iShouldSeeTheErrorMessageLastNameIsRequired()">
                <span>And I should see the error message Last name is required.</span>
      <div>
      </div>
              </div>
              <div class="step pass-bg" title="com.tricentis.demowebshop.steps.RegisterSteps.iShouldSeeTheErrorMessageEmailIsRequired()">
                <span>And I should see the error message Email is required.</span>
      <div>
      </div>
              </div>
              <div class="step fail-bg" title="com.tricentis.demowebshop.steps.RegisterSteps.iShouldSeeTheErrorMessagePasswordIsRequired()">
                <span>And I should see the error message password is required.</span>
      <div>
        <textarea disabled class="code-block">java.lang.AssertionError: Password is required expected [password is required.] but found [Password is required.]
	at org.testng.Assert.fail(Assert.java:111)
	at org.testng.Assert.failNotEquals(Assert.java:1578)
	at org.testng.Assert.assertEqualsImpl(Assert.java:150)
	at org.testng.Assert.assertEquals(Assert.java:132)
	at org.testng.Assert.assertEquals(Assert.java:656)
	at com.tricentis.demowebshop.steps.RegisterSteps.iShouldSeeTheErrorMessagePasswordIsRequired(RegisterSteps.java:49)
	at ✽.I should see the error message password is required.(file:///C:/Users/urvis/IdeaProjects/demo-webshop-tricentis2/src/test/resources/features/register.feature:21)
</textarea>
      
      </div>
              </div>
              <div class="step skip-bg" title="com.tricentis.demowebshop.steps.RegisterSteps.iShouldSeeTheErrorMessageConfirmPasswordIsRequired()">
                <span>And I should see the error message confirm password is required.</span>
      <div>Step skipped
      </div>
              </div>
              <div class="step pass-bg" title="AFTER">
                <span>com.tricentis.demowebshop.steps.Hooks.tearDown(io.cucumber.java.Scenario)</span>
      <div>Verify that first name, last name, email, password, and confirm password fields are mandatory
          <div class="row mb-3"><div class="col-md-3">
<img data-featherlight='../screenshots/embedded3.png' src="../screenshots/embedded3.png">
    
    </div></div>
</div>
      <div>
      </div>
              </div>
          </div>
        </div>
  </div>
  <div class="card">
    <div class="card-header" role="tab">
      <div class="card-title">
        <div class="node" id="107"><span class="badge log fail-bg mr-2">Fail</span>Verify that user should create account successfully</div>
          <div class="status-avatar float-right mr-4">
            <i class="fa fa-paperclip"></i>
          </div>
      </div>
    </div>
        <div class="">
          <div class="card-body">
              <div class="step pass-bg" title="com.tricentis.demowebshop.steps.LoginSteps.iAmOnTheHomePage()">
                <span>Given I am on the home page</span>
      <div>
      </div>
              </div>
              <div class="step pass-bg" title="com.tricentis.demowebshop.steps.RegisterSteps.iClickOnTheRegisterLink()">
                <span>When I click on the Register link</span>
      <div>
      </div>
              </div>
              <div class="step pass-bg" title="com.tricentis.demowebshop.steps.RegisterSteps.iSelectTheGenderFemale()">
                <span>And I select the gender female</span>
      <div>
      </div>
              </div>
              <div class="step pass-bg" title="com.tricentis.demowebshop.steps.RegisterSteps.iEnterTheFirstName(java.lang.String)">
                <span>And I enter the first name "Tithi"</span>
      <div>
      </div>
              </div>
              <div class="step pass-bg" title="com.tricentis.demowebshop.steps.RegisterSteps.iEnterTheLastName(java.lang.String)">
                <span>And I enter the last name "Shah"</span>
      <div>
      </div>
              </div>
              <div class="step pass-bg" title="com.tricentis.demowebshop.steps.RegisterSteps.iEnterTheEmail(java.lang.String)">
                <span>And I enter the email "Radhika.shah1901@gmail.com"</span>
      <div>
      </div>
              </div>
              <div class="step pass-bg" title="com.tricentis.demowebshop.steps.RegisterSteps.iEnterThePassword(java.lang.String)">
                <span>And I enter the password "Radhika123"</span>
      <div>
      </div>
              </div>
              <div class="step pass-bg" title="com.tricentis.demowebshop.steps.RegisterSteps.iEnterTheConfirmPassword(java.lang.String)">
                <span>And I enter the confirm password "Radhika123"</span>
      <div>
      </div>
              </div>
              <div class="step pass-bg" title="com.tricentis.demowebshop.steps.RegisterSteps.iClickOnRegisterButton()">
                <span>And I click on register button</span>
      <div>
      </div>
              </div>
              <div class="step fail-bg" title="com.tricentis.demowebshop.steps.RegisterSteps.iShouldSeeTheMessageYourRegistrationCompleted()">
                <span>Then I should see the message Your registration completed</span>
      <div>
        <textarea disabled class="code-block">org.openqa.selenium.NoSuchElementException: no such element: Unable to locate element: {"method":"css selector","selector":".result"}
  (Session info: chrome=131.0.6778.140)
For documentation on this error, please visit: https://www.selenium.dev/documentation/webdriver/troubleshooting/errors#no-such-element-exception
Build info: version: '4.26.0', revision: '8ccf0219d7'
System info: os.name: 'Windows 11', os.arch: 'amd64', os.version: '10.0', java.version: '17.0.8'
Driver info: org.openqa.selenium.chrome.ChromeDriver
Command: [b3a31759926c44476a497556b2ba41bc, findElement {value=.result, using=css selector}]
Capabilities {acceptInsecureCerts: false, browserName: chrome, browserVersion: 131.0.6778.140, chrome: {chromedriverVersion: 131.0.6778.108 (3b014839fbc..., userDataDir: C:\Users\urvis\AppData\Loca...}, fedcm:accounts: true, goog:chromeOptions: {debuggerAddress: localhost:50679}, networkConnectionEnabled: false, pageLoadStrategy: normal, platformName: windows, proxy: Proxy(), se:cdp: ws://localhost:50679/devtoo..., se:cdpVersion: 131.0.6778.140, setWindowRect: true, strictFileInteractability: false, timeouts: {implicit: 0, pageLoad: 300000, script: 30000}, unhandledPromptBehavior: dismiss and notify, webauthn:extension:credBlob: true, webauthn:extension:largeBlob: true, webauthn:extension:minPinLength: true, webauthn:extension:prf: true, webauthn:virtualAuthenticators: true}
Session ID: b3a31759926c44476a497556b2ba41bc
	at java.base/jdk.internal.reflect.NativeConstructorAccessorImpl.newInstance0(Native Method)
	at java.base/jdk.internal.reflect.NativeConstructorAccessorImpl.newInstance(NativeConstructorAccessorImpl.java:77)
	at java.base/jdk.internal.reflect.DelegatingConstructorAccessorImpl.newInstance(DelegatingConstructorAccessorImpl.java:45)
	at java.base/java.lang.reflect.Constructor.newInstanceWithCaller(Constructor.java:499)
	at java.base/java.lang.reflect.Constructor.newInstance(Constructor.java:480)
	at org.openqa.selenium.remote.ErrorCodec.decode(ErrorCodec.java:167)
	at org.openqa.selenium.remote.codec.w3c.W3CHttpResponseCodec.decode(W3CHttpResponseCodec.java:138)
	at org.openqa.selenium.remote.codec.w3c.W3CHttpResponseCodec.decode(W3CHttpResponseCodec.java:50)
	at org.openqa.selenium.remote.HttpCommandExecutor.execute(HttpCommandExecutor.java:190)
	at org.openqa.selenium.remote.service.DriverCommandExecutor.invokeExecute(DriverCommandExecutor.java:216)
	at org.openqa.selenium.remote.service.DriverCommandExecutor.execute(DriverCommandExecutor.java:174)
	at org.openqa.selenium.remote.RemoteWebDriver.execute(RemoteWebDriver.java:545)
	at org.openqa.selenium.remote.ElementLocation$ElementFinder$2.findElement(ElementLocation.java:165)
	at org.openqa.selenium.remote.ElementLocation.findElement(ElementLocation.java:59)
	at org.openqa.selenium.remote.RemoteWebDriver.findElement(RemoteWebDriver.java:368)
	at org.openqa.selenium.remote.RemoteWebDriver.findElement(RemoteWebDriver.java:362)
	at org.openqa.selenium.support.pagefactory.DefaultElementLocator.findElement(DefaultElementLocator.java:68)
	at org.openqa.selenium.support.pagefactory.internal.LocatingElementHandler.invoke(LocatingElementHandler.java:38)
	at jdk.proxy2/jdk.proxy2.$Proxy29.getText(Unknown Source)
	at com.tricentis.demowebshop.utility.Utility.getTextFromElement(Utility.java:61)
	at com.tricentis.demowebshop.pages.RegisterPage.getYourRegCompletedText(RegisterPage.java:142)
	at com.tricentis.demowebshop.steps.RegisterSteps.iShouldSeeTheMessageYourRegistrationCompleted(RegisterSteps.java:90)
	at ✽.I should see the message Your registration completed(file:///C:/Users/urvis/IdeaProjects/demo-webshop-tricentis2/src/test/resources/features/register.feature:34)
</textarea>
      
      </div>
              </div>
              <div class="step pass-bg" title="AFTER">
                <span>com.tricentis.demowebshop.steps.Hooks.tearDown(io.cucumber.java.Scenario)</span>
      <div>Verify that user should create account successfully
          <div class="row mb-3"><div class="col-md-3">
<img data-featherlight='../screenshots/embedded4.png' src="../screenshots/embedded4.png">
    
    </div></div>
</div>
      <div>
      </div>
              </div>
          </div>
        </div>
  </div>
</div>
          </div>
        </li>
      </ul>
    </div>
  </div>
<div class="test-content scrollable">
<div class="test-content-tools">
<ul><li><a class="back-to-test" href="#"><i class="fa fa-arrow-left"></i></a></li></ul>
</div>
<div class="test-content-detail"><div class="detail-body"></div></div>
</div></div>
<div class="test-wrapper row view category-view attributes-view">
<div class="test-list">
<div class="test-list-tools">
<ul class="tools pull-left"><li><a href=""><span class="font-size-14">Category</span></a></li></ul>
<ul class="tools text-right"><li><a href="#"><span class="badge badge-primary">4</span></a></li></ul>
</div>
<div class="test-list-wrapper scrollable">
<ul class="test-list-item">
<li class="test-item">
<div class="test-detail">
<span class="meta">
<span class='badge log pass-bg'>1</span>
</span>
<p class="name">@author_Tithi</p>
<p class="duration text-sm">1 tests</p>
</div>
<div class="test-contents d-none">
<div class="info">
<h4>@author_Tithi</h4>
<span status="pass" class='badge log pass-bg'>1 passed</span>
</div>
<table class='table table-sm mt-4'>
<thead>
<tr>
<th class="status-col">Status</th>
<th class="timestamp-col">Timestamp</th>
<th>TestName</th>
</tr>
</thead>
<tbody>
<tr class="tag-test-status" status="pass">
<td><span class="badge log pass-bg">Pass</span></td>
<td>21:45:47 pm</td>
<td>
<a href="#" class="linked" test-id='58' id='59'>User should navigate to login page successfully</a>
<div class="">
<span class="badge badge-default">Login Page Functionality.User should navigate to login page successfully</span>
</div>
</td>
</tr>
</tbody>
</table>
</div>
</li>
<li class="test-item">
<div class="test-detail">
<span class="meta">
<span class='badge log pass-bg'>3</span>
</span>
<p class="name">@sanity</p>
<p class="duration text-sm">3 tests</p>
</div>
<div class="test-contents d-none">
<div class="info">
<h4>@sanity</h4>
<span status="pass" class='badge log pass-bg'>3 passed</span>
</div>
<table class='table table-sm mt-4'>
<thead>
<tr>
<th class="status-col">Status</th>
<th class="timestamp-col">Timestamp</th>
<th>TestName</th>
</tr>
</thead>
<tbody>
<tr class="tag-test-status" status="pass">
<td><span class="badge log pass-bg">Pass</span></td>
<td>21:44:34 pm</td>
<td>
<a href="#" class="linked" test-id='1' id='2'>Verify user should navigate to computer page successfully</a>
<div class="">
<span class="badge badge-default">Computer Page Functionality.Verify user should navigate to computer page successfully</span>
</div>
</td>
</tr>
<tr class="tag-test-status" status="pass">
<td><span class="badge log pass-bg">Pass</span></td>
<td>21:45:47 pm</td>
<td>
<a href="#" class="linked" test-id='58' id='59'>User should navigate to login page successfully</a>
<div class="">
<span class="badge badge-default">Login Page Functionality.User should navigate to login page successfully</span>
</div>
</td>
</tr>
<tr class="tag-test-status" status="pass">
<td><span class="badge log pass-bg">Pass</span></td>
<td>21:46:13 pm</td>
<td>
<a href="#" class="linked" test-id='89' id='90'>Verify user should navigate to register page successfully</a>
<div class="">
<span class="badge badge-default">Register page functionality.Verify user should navigate to register page successfully</span>
</div>
</td>
</tr>
</tbody>
</table>
</div>
</li>
<li class="test-item">
<div class="test-detail">
<span class="meta">
<span class='badge log pass-bg'>6</span>
<span class='badge log badge-danger'>6</span>
</span>
<p class="name">@regression</p>
<p class="duration text-sm">12 tests</p>
</div>
<div class="test-contents d-none">
<div class="info">
<h4>@regression</h4>
<span status="pass" class='badge log pass-bg'>6 passed</span>
<span status="fail" class='badge log badge-danger'>6 failed</span>
</div>
<table class='table table-sm mt-4'>
<thead>
<tr>
<th class="status-col">Status</th>
<th class="timestamp-col">Timestamp</th>
<th>TestName</th>
</tr>
</thead>
<tbody>
<tr class="tag-test-status" status="pass">
<td><span class="badge log pass-bg">Pass</span></td>
<td>21:44:34 pm</td>
<td>
<a href="#" class="linked" test-id='1' id='2'>Verify user should navigate to computer page successfully</a>
<div class="">
<span class="badge badge-default">Computer Page Functionality.Verify user should navigate to computer page successfully</span>
</div>
</td>
</tr>
<tr class="tag-test-status" status="pass">
<td><span class="badge log pass-bg">Pass</span></td>
<td>21:44:40 pm</td>
<td>
<a href="#" class="linked" test-id='1' id='8'>Verify user should navigate to desktops page successfully</a>
<div class="">
<span class="badge badge-default">Computer Page Functionality.Verify user should navigate to desktops page successfully</span>
</div>
</td>
</tr>
<tr class="tag-test-status" status="pass">
<td><span class="badge log pass-bg">Pass</span></td>
<td>21:44:44 pm</td>
<td>
<a href="#" class="linked" test-id='1' id='16'>Verify that user should build their own computer and add it to the cart successfully</a>
<div class="">
<span class="badge badge-default">Computer Page Functionality.Verify that user should build their own computer and add it to the cart successfully</span>
</div>
</td>
</tr>
<tr class="tag-test-status" status="fail">
<td><span class="badge log fail-bg">Fail</span></td>
<td>21:44:50 pm</td>
<td>
<a href="#" class="linked" test-id='1' id='30'>Verify that user should build their own computer and add it to the cart successfully</a>
<div class="">
<span class="badge badge-default">Computer Page Functionality.Verify that user should build their own computer and add it to the cart successfully</span>
</div>
</td>
</tr>
<tr class="tag-test-status" status="fail">
<td><span class="badge log fail-bg">Fail</span></td>
<td>21:45:36 pm</td>
<td>
<a href="#" class="linked" test-id='1' id='44'>Verify that user should build their own computer and add it to the cart successfully</a>
<div class="">
<span class="badge badge-default">Computer Page Functionality.Verify that user should build their own computer and add it to the cart successfully</span>
</div>
</td>
</tr>
<tr class="tag-test-status" status="pass">
<td><span class="badge log pass-bg">Pass</span></td>
<td>21:45:47 pm</td>
<td>
<a href="#" class="linked" test-id='58' id='59'>User should navigate to login page successfully</a>
<div class="">
<span class="badge badge-default">Login Page Functionality.User should navigate to login page successfully</span>
</div>
</td>
</tr>
<tr class="tag-test-status" status="pass">
<td><span class="badge log pass-bg">Pass</span></td>
<td>21:45:51 pm</td>
<td>
<a href="#" class="linked" test-id='58' id='65'>Verify the error message with invalid credentials</a>
<div class="">
<span class="badge badge-default">Login Page Functionality.Verify the error message with invalid credentials</span>
</div>
</td>
</tr>
<tr class="tag-test-status" status="fail">
<td><span class="badge log fail-bg">Fail</span></td>
<td>21:45:55 pm</td>
<td>
<a href="#" class="linked" test-id='58' id='73'>Verify that user should log in successfully with valid credentials</a>
<div class="">
<span class="badge badge-default">Login Page Functionality.Verify that user should log in successfully with valid credentials</span>
</div>
</td>
</tr>
<tr class="tag-test-status" status="fail">
<td><span class="badge log fail-bg">Fail</span></td>
<td>21:46:00 pm</td>
<td>
<a href="#" class="linked" test-id='58' id='81'>Verify that user should log out successfully</a>
<div class="">
<span class="badge badge-default">Login Page Functionality.Verify that user should log out successfully</span>
</div>
</td>
</tr>
<tr class="tag-test-status" status="pass">
<td><span class="badge log pass-bg">Pass</span></td>
<td>21:46:13 pm</td>
<td>
<a href="#" class="linked" test-id='89' id='90'>Verify user should navigate to register page successfully</a>
<div class="">
<span class="badge badge-default">Register page functionality.Verify user should navigate to register page successfully</span>
</div>
</td>
</tr>
<tr class="tag-test-status" status="fail">
<td><span class="badge log fail-bg">Fail</span></td>
<td>21:46:18 pm</td>
<td>
<a href="#" class="linked" test-id='89' id='96'>Verify that first name, last name, email, password, and confirm password fields are mandatory</a>
<div class="">
<span class="badge badge-default">Register page functionality.Verify that first name, last name, email, password, and confirm password fields are mandatory</span>
</div>
</td>
</tr>
<tr class="tag-test-status" status="fail">
<td><span class="badge log fail-bg">Fail</span></td>
<td>21:46:22 pm</td>
<td>
<a href="#" class="linked" test-id='89' id='107'>Verify that user should create account successfully</a>
<div class="">
<span class="badge badge-default">Register page functionality.Verify that user should create account successfully</span>
</div>
</td>
</tr>
</tbody>
</table>
</div>
</li>
<li class="test-item">
<div class="test-detail">
<span class="meta">
<span class='badge log pass-bg'>2</span>
<span class='badge log badge-danger'>1</span>
</span>
<p class="name">@smoke</p>
<p class="duration text-sm">3 tests</p>
</div>
<div class="test-contents d-none">
<div class="info">
<h4>@smoke</h4>
<span status="pass" class='badge log pass-bg'>2 passed</span>
<span status="fail" class='badge log badge-danger'>1 failed</span>
</div>
<table class='table table-sm mt-4'>
<thead>
<tr>
<th class="status-col">Status</th>
<th class="timestamp-col">Timestamp</th>
<th>TestName</th>
</tr>
</thead>
<tbody>
<tr class="tag-test-status" status="pass">
<td><span class="badge log pass-bg">Pass</span></td>
<td>21:44:40 pm</td>
<td>
<a href="#" class="linked" test-id='1' id='8'>Verify user should navigate to desktops page successfully</a>
<div class="">
<span class="badge badge-default">Computer Page Functionality.Verify user should navigate to desktops page successfully</span>
</div>
</td>
</tr>
<tr class="tag-test-status" status="pass">
<td><span class="badge log pass-bg">Pass</span></td>
<td>21:45:51 pm</td>
<td>
<a href="#" class="linked" test-id='58' id='65'>Verify the error message with invalid credentials</a>
<div class="">
<span class="badge badge-default">Login Page Functionality.Verify the error message with invalid credentials</span>
</div>
</td>
</tr>
<tr class="tag-test-status" status="fail">
<td><span class="badge log fail-bg">Fail</span></td>
<td>21:46:18 pm</td>
<td>
<a href="#" class="linked" test-id='89' id='96'>Verify that first name, last name, email, password, and confirm password fields are mandatory</a>
<div class="">
<span class="badge badge-default">Register page functionality.Verify that first name, last name, email, password, and confirm password fields are mandatory</span>
</div>
</td>
</tr>
</tbody>
</table>
</div>
</li>
</ul>
</div>
</div>
<div class="test-content scrollable">
<div class="test-content-detail">
<div class="detail-body"></div>
</div>
</div>
</div><div class="test-wrapper row view exception-view attributes-view">
<div class="test-list">
<div class="test-list-tools">
<ul class="tools pull-left"><li><a href=""><span class="font-size-14">Exception</span></a></li></ul>
<ul class="tools text-right"><li><a href="#"><span class="badge badge-primary">4</span></a></li></ul>
</div>
<div class="test-list-wrapper scrollable">
<ul class="test-list-item">
<li class="test-item">
<div class="test-detail">
<span class="meta">
<span class='badge log badge-danger'>2</span>
</span>
<p class="name">org.openqa.selenium.NoSuchElementException</p>
<p class="duration text-sm">2 tests</p>
</div>
<div class="test-contents d-none">
<div class="info">
<h4>org.openqa.selenium.NoSuchElementException</h4>
<span status="fail" class='badge log badge-danger'>2 failed</span>
</div>
<table class='table table-sm mt-4'>
<thead>
<tr>
<th class="status-col">Status</th>
<th class="timestamp-col">Timestamp</th>
<th>TestName</th>
</tr>
</thead>
<tbody>
<tr class="tag-test-status" status="fail">
<td><span class="badge log fail-bg">Fail</span></td>
<td>21:44:55 pm</td>
<td>
<a href="#" class="linked" test-id='1' id='37'>And I select RAM "4GB [+$20.00]"</a>
<div class="">
<span class="badge badge-default">Computer Page Functionality.Verify that user should build their own computer and add it to the cart successfully.And I select RAM "4GB [+$20.00]"</span>
</div>
</td>
</tr>
<tr class="tag-test-status" status="fail">
<td><span class="badge log fail-bg">Fail</span></td>
<td>21:46:27 pm</td>
<td>
<a href="#" class="linked" test-id='89' id='118'>Then I should see the message Your registration completed</a>
<div class="">
<span class="badge badge-default">Register page functionality.Verify that user should create account successfully.Then I should see the message Your registration completed</span>
</div>
</td>
</tr>
</tbody>
</table>
</div>
</li>
<li class="test-item">
<div class="test-detail">
<span class="meta">
<span class='badge log badge-danger'>2</span>
</span>
<p class="name">java.lang.AssertionError</p>
<p class="duration text-sm">2 tests</p>
</div>
<div class="test-contents d-none">
<div class="info">
<h4>java.lang.AssertionError</h4>
<span status="fail" class='badge log badge-danger'>2 failed</span>
</div>
<table class='table table-sm mt-4'>
<thead>
<tr>
<th class="status-col">Status</th>
<th class="timestamp-col">Timestamp</th>
<th>TestName</th>
</tr>
</thead>
<tbody>
<tr class="tag-test-status" status="fail">
<td><span class="badge log fail-bg">Fail</span></td>
<td>21:46:00 pm</td>
<td>
<a href="#" class="linked" test-id='58' id='79'>Then I should see the "LogOut" link displayed</a>
<div class="">
<span class="badge badge-default">Login Page Functionality.Verify that user should log in successfully with valid credentials.Then I should see the "LogOut" link displayed</span>
</div>
</td>
</tr>
<tr class="tag-test-status" status="fail">
<td><span class="badge log fail-bg">Fail</span></td>
<td>21:46:21 pm</td>
<td>
<a href="#" class="linked" test-id='89' id='104'>And I should see the error message password is required.</a>
<div class="">
<span class="badge badge-default">Register page functionality.Verify that first name, last name, email, password, and confirm password fields are mandatory.And I should see the error message password is required.</span>
</div>
</td>
</tr>
</tbody>
</table>
</div>
</li>
<li class="test-item">
<div class="test-detail">
<span class="meta">
<span class='badge log badge-danger'>2</span>
</span>
<p class="name">org.openqa.selenium.remote.UnreachableBrowserException</p>
<p class="duration text-sm">2 tests</p>
</div>
<div class="test-contents d-none">
<div class="info">
<h4>org.openqa.selenium.remote.UnreachableBrowserException</h4>
<span status="fail" class='badge log badge-danger'>2 failed</span>
</div>
<table class='table table-sm mt-4'>
<thead>
<tr>
<th class="status-col">Status</th>
<th class="timestamp-col">Timestamp</th>
<th>TestName</th>
</tr>
</thead>
<tbody>
<tr class="tag-test-status" status="fail">
<td><span class="badge log fail-bg">Fail</span></td>
<td>21:46:04 pm</td>
<td>
<a href="#" class="linked" test-id='58' id='86'>When I click on the logout link</a>
<div class="">
<span class="badge badge-default">Login Page Functionality.Verify that user should log out successfully.When I click on the logout link</span>
</div>
</td>
</tr>
<tr class="tag-test-status" status="fail">
<td><span class="badge log fail-bg">Fail</span></td>
<td>21:46:13 pm</td>
<td>
<a href="#" class="linked" test-id='58' id='88'>com.tricentis.demowebshop.steps.Hooks.tearDown(io.cucumber.java.Scenario)</a>
<div class="">
<span class="badge badge-default">Login Page Functionality.Verify that user should log out successfully.com.tricentis.demowebshop.steps.Hooks.tearDown(io.cucumber.java.Scenario)</span>
</div>
</td>
</tr>
</tbody>
</table>
</div>
</li>
<li class="test-item">
<div class="test-detail">
<span class="meta">
<span class='badge log badge-danger'>2</span>
</span>
<p class="name">org.openqa.selenium.WebDriverException</p>
<p class="duration text-sm">2 tests</p>
</div>
<div class="test-contents d-none">
<div class="info">
<h4>org.openqa.selenium.WebDriverException</h4>
<span status="fail" class='badge log badge-danger'>2 failed</span>
</div>
<table class='table table-sm mt-4'>
<thead>
<tr>
<th class="status-col">Status</th>
<th class="timestamp-col">Timestamp</th>
<th>TestName</th>
</tr>
</thead>
<tbody>
<tr class="tag-test-status" status="fail">
<td><span class="badge log fail-bg">Fail</span></td>
<td>21:45:42 pm</td>
<td>
<a href="#" class="linked" test-id='1' id='51'>And I select RAM "8GB [+$60.00]"</a>
<div class="">
<span class="badge badge-default">Computer Page Functionality.Verify that user should build their own computer and add it to the cart successfully.And I select RAM "8GB [+$60.00]"</span>
</div>
</td>
</tr>
<tr class="tag-test-status" status="fail">
<td><span class="badge log fail-bg">Fail</span></td>
<td>21:45:47 pm</td>
<td>
<a href="#" class="linked" test-id='1' id='57'>com.tricentis.demowebshop.steps.Hooks.tearDown(io.cucumber.java.Scenario)</a>
<div class="">
<span class="badge badge-default">Computer Page Functionality.Verify that user should build their own computer and add it to the cart successfully.com.tricentis.demowebshop.steps.Hooks.tearDown(io.cucumber.java.Scenario)</span>
</div>
</td>
</tr>
</tbody>
</table>
</div>
</li>
</ul>
</div>
</div>
<div class="test-content scrollable">
<div class="test-content-detail">
<div class="detail-body"></div>
</div>
</div>
</div>        </div>
      </div>
    </div>
  </div>
<script src="https://cdn.jsdelivr.net/gh/extent-framework/extent-github-cdn@d6562a79075e061305ccfdb82f01e5e195e2d307/spark/js/spark-script.js"></script>
<script type="text/javascript"></script></body>
</html>